{"lvl":"info","msg":"no configuration paths supplied","t":"2026-03-30T15:54:31.6523903+01:00"}
{"lvl":"info","msg":"using configuration at default config path","path":"C:\\Users\\chenr\\AppData\\Local/ngrok/ngrok.yml","t":"2026-03-30T15:54:31.6704404+01:00"}
{"err":"\u003cnil\u003e","lvl":"info","msg":"open config file","path":"C:\\Users\\chenr\\AppData\\Local\\ngrok\\ngrok.yml","t":"2026-03-30T15:54:31.6704404+01:00"}
{"enabled":false,"lvl":"info","msg":"FIPS 140 mode","t":"2026-03-30T15:54:31.6714417+01:00"}
{"addr":"127.0.0.1:4040","lvl":"warn","msg":"can't bind default web address, trying alternatives","obj":"web","t":"2026-03-30T15:54:31.6998617+01:00"}
{"addr":"127.0.0.1:4041","allow_hosts":null,"lvl":"info","msg":"starting web service","obj":"web","t":"2026-03-30T15:54:31.6998617+01:00"}
{"err":"failed to send authentication request: failed to fetch CRL. errors encountered: Get \"http://crl.ngrok-agent.com/ngrok.crl\": read tcp [2001:818:df37:7000:fb3c:58dc:2637:275f]:57621-\u003e[2600:9000:2134:8000:8:ba10:9900:93a1]:80: wsarecv: An existing connection was forcibly closed by the remote host.","lvl":"eror","msg":"failed to reconnect session","obj":"tunnels.session","t":"2026-03-30T15:54:31.9050835+01:00"}
{"lvl":"info","msg":"update available","obj":"updater","t":"2026-03-30T15:54:32.2356811+01:00"}
{"err":"failed to send authentication request: failed to fetch CRL. errors encountered: Get \"http://crl.ngrok-agent.com/ngrok.crl\": read tcp [2001:818:df37:7000:fb3c:58dc:2637:275f]:57623-\u003e[2600:9000:2134:8000:8:ba10:9900:93a1]:80: wsarecv: An existing connection was forcibly closed by the remote host.","lvl":"eror","msg":"failed to reconnect session","obj":"tunnels.session","t":"2026-03-30T15:54:32.5383417+01:00"}
{"lvl":"info","msg":"client session established","obj":"tunnels.session","t":"2026-03-30T15:54:33.725266+01:00"}
{"lvl":"info","msg":"tunnel session started","obj":"tunnels.session","t":"2026-03-30T15:54:33.725266+01:00"}
{"err":"failed to start tunnel: The endpoint 'https://eared-shenika-overprolific.ngrok-free.dev' is already online. Either\n1. stop your existing endpoint first, or\n2. start both endpoints with `--pooling-enabled` to load balance between them.\r\n\r\nERR_NGROK_334\r\n","lvl":"eror","msg":"session closing","obj":"tunnels.session","t":"2026-03-30T15:54:33.794232+01:00"}
{"err":"reconnecting session closed","id":"5726c92e7726","lvl":"info","msg":"accept failed","obj":"csess","t":"2026-03-30T15:54:33.794232+01:00"}
{"lvl":"info","msg":"no more state changes","obj":"tunnels.session","t":"2026-03-30T15:54:33.794232+01:00"}
{"lvl":"info","msg":"received stop request","obj":"app","stopReq":{},"t":"2026-03-30T15:54:33.7947368+01:00"}
{"err":"failed to start tunnel: The endpoint 'https://eared-shenika-overprolific.ngrok-free.dev' is already online. Either\n1. stop your existing endpoint first, or\n2. start both endpoints with `--pooling-enabled` to load balance between them.\r\n\r\nERR_NGROK_334\r\n","lvl":"eror","msg":"terminating with error","obj":"app","t":"2026-03-30T15:54:33.7947368+01:00"}
{"err":"failed to start tunnel: The endpoint 'https://eared-shenika-overprolific.ngrok-free.dev' is already online. Either\n1. stop your existing endpoint first, or\n2. start both endpoints with `--pooling-enabled` to load balance between them.\r\n\r\nERR_NGROK_334\r\n","lvl":"crit","msg":"command failed","t":"2026-03-30T15:54:33.7947368+01:00"}
ERROR:  failed to start tunnel: The endpoint 'https://eared-shenika-overprolific.ngrok-free.dev' is already online. Either
ERROR:  1. stop your existing endpoint first, or
ERROR:  2. start both endpoints with `--pooling-enabled` to load balance between them.
ERROR:  
ERROR:  ERR_NGROK_334
ERROR:  https://ngrok.com/docs/errors/err_ngrok_334
ERROR:  
